<?xml version="1.0" encoding="UTF-8"?>
<testsuite xmlns:xsi="http://www.w3.org/2001/XMLSchema-instance" xsi:noNamespaceSchemaLocation="https://maven.apache.org/surefire/maven-surefire-plugin/xsd/surefire-test-report-3.0.xsd" version="3.0" name="com.UserServiceTest" time="0.054" tests="6" errors="0" skipped="0" failures="0">
  <properties>
[...]
</properties>
  <testcase name="testGenderWithAssert2" classname="com.UserServiceTest" time="0.013"/>
  <testcase name="testGetGender" classname="com.UserServiceTest" time="0.0">
    <system-out><![CDATA[男
]]></system-out>
  </testcase>
  <testcase name="testGetAge" classname="com.UserServiceTest" time="0.004">
    <system-out><![CDATA[23
]]></system-out>
  </testcase>
  <testcase name="testGenderWithAssert(String)[1]" classname="com.UserServiceTest" time="0.011"/>
  <testcase name="testGenderWithAssert(String)[2]" classname="com.UserServiceTest" time="0.001"/>
  <testcase name="testGenderWithAssert(String)[3]" classname="com.UserServiceTest" time="0.0"/>
</testsuite>